<?xml version="1.0" encoding="UTF-8"?>
<!-- Generated by org.testng.reporters.JUnitReportReporter -->
<testsuite skipped="0" hostname="Amit" name="com.inetbanking.testCases.TC_LoginTest_001" tests="1" failures="0" timestamp="2021-04-26T19:35:54 IST" time="2.483" errors="0">
  <testcase name="loginTest" time="2.483" classname="com.inetbanking.testCases.TC_LoginTest_001"/>
  <system-out/>
</testsuite> <!-- com.inetbanking.testCases.TC_LoginTest_001 -->
